<?xml version="1.0" encoding="UTF-8"?>
<testsuite xmlns:xsi="http://www.w3.org/2001/XMLSchema-instance" xsi:noNamespaceSchemaLocation="https://maven.apache.org/surefire/maven-surefire-plugin/xsd/surefire-test-report.xsd" name="com.finalrunner.com.Runner_Adactin" time="0.203" tests="1" errors="1" skipped="0" failures="0">
  <properties>
[...]
</properties>
  <testcase name="initializationError" classname="com.finalrunner.com.Runner_Adactin" time="0.042">
    <error message="Lorg/openqa/selenium/WebDriver;" type="java.lang.NoClassDefFoundError">java.lang.NoClassDefFoundError: Lorg/openqa/selenium/WebDriver;
Caused by: java.lang.ClassNotFoundException: org.openqa.selenium.WebDriver
</error>
  </testcase>
</testsuite>